<?xml version="1.0" encoding="UTF-8"?>
<!-- Generated by org.testng.reporters.JUnitXMLReporter -->
<testsuite hostname="WKWIN7106031" ignored="0" name="Default test" tests="4" failures="0" timestamp="2019-09-26T12:05:27 IST" time="89.499" errors="0">
  <testcase name="VerifyRegisterEbayTest" time="12.815" classname="com.qa.test.DataProviderTest"/>
  <testcase name="VerifyRegisterEbayTest" time="12.809" classname="com.qa.test.DataProviderTest"/>
  <testcase name="VerifyRegisterEbayTest" time="12.787" classname="com.qa.test.DataProviderTest"/>
  <testcase name="VerifyRegisterEbayTest" time="12.743" classname="com.qa.test.DataProviderTest"/>
</testsuite> <!-- Default test -->
