<?xml version="1.0" encoding="UTF-8"?>
<!-- Generated by org.testng.reporters.JUnitXMLReporter -->
<testsuite hostname="WKWIN7106031" ignored="0" name="Default test" tests="6" failures="0" timestamp="2019-09-25T14:06:22 IST" time="35.086" errors="0">
  <testcase name="GetPagetitle" time="0.024" classname="com.qa.test.LoginTest"/>
  <testcase name="getLogo" time="0.133" classname="com.qa.test.LoginTest"/>
  <testcase name="verifyGMailLink" time="0.087" classname="com.qa.test.LoginTest"/>
  <testcase name="verifyImages" time="0.091" classname="com.qa.test.LoginTest"/>
  <testcase name="verifySearchText" time="0.083" classname="com.qa.test.LoginTest"/>
  <testcase name="verifyMicrophoneIcon" time="0.058" classname="com.qa.test.LoginTest"/>
</testsuite> <!-- Default test -->
