<?xml version="1.0" encoding="UTF-8"?>
<!-- Generated by org.testng.reporters.JUnitXMLReporter -->
<testsuite hostname="WKWIN7106031" ignored="0" name="Test" tests="6" failures="0" timestamp="2019-09-25T12:41:25 IST" time="0.088" errors="0">
  <testcase name="TestOne" time="0.011" classname="com.qa.test.LoginTest"/>
  <testcase name="TestTwo" time="0.004" classname="com.qa.test.LoginTest"/>
  <testcase name="TestThree" time="0.002" classname="com.qa.test.LoginTest"/>
  <testcase name="TestFour" time="0.003" classname="com.qa.test.LoginTest"/>
  <testcase name="TestFive" time="0.003" classname="com.qa.test.LoginTest"/>
  <testcase name="TestSix" time="0.002" classname="com.qa.test.LoginTest"/>
</testsuite> <!-- Test -->
