<?xml version="1.0" encoding="UTF-8"?>
<testng-results skipped="0" failed="0" ignored="0" total="4" passed="4">
  <reporter-output>
  </reporter-output>
  <suite name="Default suite" duration-ms="89499" started-at="2019-09-26T12:03:58 IST" finished-at="2019-09-26T12:05:27 IST">
    <groups>
    </groups>
    <test name="Default test" duration-ms="89499" started-at="2019-09-26T12:03:58 IST" finished-at="2019-09-26T12:05:27 IST">
      <class name="com.qa.test.DataProviderTest">
        <test-method status="PASS" signature="setup()[pri:0, instance:com.qa.test.DataProviderTest@6321e813]" name="setup" is-config="true" duration-ms="10081" started-at="2019-09-26T12:03:59 IST" finished-at="2019-09-26T12:04:09 IST">
          <reporter-output>
          </reporter-output>
        </test-method> <!-- setup -->
        <test-method status="PASS" signature="VerifyRegisterEbayTest(java.lang.String, java.lang.String, java.lang.String, java.lang.String)[pri:0, instance:com.qa.test.DataProviderTest@6321e813]" name="VerifyRegisterEbayTest" duration-ms="12815" started-at="2019-09-26T12:04:09 IST" data-provider="getData" finished-at="2019-09-26T12:04:21 IST">
          <params>
            <param index="0">
              <value>
                <![CDATA[Nirmal]]>
              </value>
            </param>
            <param index="1">
              <value>
                <![CDATA[Jain]]>
              </value>
            </param>
            <param index="2">
              <value>
                <![CDATA[njnirmal@gmail.com]]>
              </value>
            </param>
            <param index="3">
              <value>
                <![CDATA[Password.10]]>
              </value>
            </param>
          </params>
          <reporter-output>
          </reporter-output>
        </test-method> <!-- VerifyRegisterEbayTest -->
        <test-method status="PASS" signature="tearDown()[pri:0, instance:com.qa.test.DataProviderTest@6321e813]" name="tearDown" is-config="true" duration-ms="802" started-at="2019-09-26T12:04:21 IST" finished-at="2019-09-26T12:04:22 IST">
          <reporter-output>
          </reporter-output>
        </test-method> <!-- tearDown -->
        <test-method status="PASS" signature="setup()[pri:0, instance:com.qa.test.DataProviderTest@6321e813]" name="setup" is-config="true" duration-ms="8262" started-at="2019-09-26T12:04:22 IST" finished-at="2019-09-26T12:04:30 IST">
          <reporter-output>
          </reporter-output>
        </test-method> <!-- setup -->
        <test-method status="PASS" signature="VerifyRegisterEbayTest(java.lang.String, java.lang.String, java.lang.String, java.lang.String)[pri:0, instance:com.qa.test.DataProviderTest@6321e813]" name="VerifyRegisterEbayTest" duration-ms="12809" started-at="2019-09-26T12:04:30 IST" data-provider="getData" finished-at="2019-09-26T12:04:43 IST">
          <params>
            <param index="0">
              <value>
                <![CDATA[Vihaan]]>
              </value>
            </param>
            <param index="1">
              <value>
                <![CDATA[Jain]]>
              </value>
            </param>
            <param index="2">
              <value>
                <![CDATA[vihaan@gmail.com]]>
              </value>
            </param>
            <param index="3">
              <value>
                <![CDATA[Password.10]]>
              </value>
            </param>
          </params>
          <reporter-output>
          </reporter-output>
        </test-method> <!-- VerifyRegisterEbayTest -->
        <test-method status="PASS" signature="tearDown()[pri:0, instance:com.qa.test.DataProviderTest@6321e813]" name="tearDown" is-config="true" duration-ms="753" started-at="2019-09-26T12:04:43 IST" finished-at="2019-09-26T12:04:44 IST">
          <reporter-output>
          </reporter-output>
        </test-method> <!-- tearDown -->
        <test-method status="PASS" signature="setup()[pri:0, instance:com.qa.test.DataProviderTest@6321e813]" name="setup" is-config="true" duration-ms="7766" started-at="2019-09-26T12:04:44 IST" finished-at="2019-09-26T12:04:52 IST">
          <reporter-output>
          </reporter-output>
        </test-method> <!-- setup -->
        <test-method status="PASS" signature="VerifyRegisterEbayTest(java.lang.String, java.lang.String, java.lang.String, java.lang.String)[pri:0, instance:com.qa.test.DataProviderTest@6321e813]" name="VerifyRegisterEbayTest" duration-ms="12787" started-at="2019-09-26T12:04:52 IST" data-provider="getData" finished-at="2019-09-26T12:05:05 IST">
          <params>
            <param index="0">
              <value>
                <![CDATA[Vivek ]]>
              </value>
            </param>
            <param index="1">
              <value>
                <![CDATA[Jain]]>
              </value>
            </param>
            <param index="2">
              <value>
                <![CDATA[vivek@gmail.com]]>
              </value>
            </param>
            <param index="3">
              <value>
                <![CDATA[Password.10]]>
              </value>
            </param>
          </params>
          <reporter-output>
          </reporter-output>
        </test-method> <!-- VerifyRegisterEbayTest -->
        <test-method status="PASS" signature="tearDown()[pri:0, instance:com.qa.test.DataProviderTest@6321e813]" name="tearDown" is-config="true" duration-ms="789" started-at="2019-09-26T12:05:05 IST" finished-at="2019-09-26T12:05:05 IST">
          <reporter-output>
          </reporter-output>
        </test-method> <!-- tearDown -->
        <test-method status="PASS" signature="setup()[pri:0, instance:com.qa.test.DataProviderTest@6321e813]" name="setup" is-config="true" duration-ms="8547" started-at="2019-09-26T12:05:05 IST" finished-at="2019-09-26T12:05:14 IST">
          <reporter-output>
          </reporter-output>
        </test-method> <!-- setup -->
        <test-method status="PASS" signature="VerifyRegisterEbayTest(java.lang.String, java.lang.String, java.lang.String, java.lang.String)[pri:0, instance:com.qa.test.DataProviderTest@6321e813]" name="VerifyRegisterEbayTest" duration-ms="12743" started-at="2019-09-26T12:05:14 IST" data-provider="getData" finished-at="2019-09-26T12:05:27 IST">
          <params>
            <param index="0">
              <value>
                <![CDATA[Sonu ]]>
              </value>
            </param>
            <param index="1">
              <value>
                <![CDATA[Jain]]>
              </value>
            </param>
            <param index="2">
              <value>
                <![CDATA[Sonu@gmail.com]]>
              </value>
            </param>
            <param index="3">
              <value>
                <![CDATA[Password.10]]>
              </value>
            </param>
          </params>
          <reporter-output>
          </reporter-output>
        </test-method> <!-- VerifyRegisterEbayTest -->
        <test-method status="PASS" signature="tearDown()[pri:0, instance:com.qa.test.DataProviderTest@6321e813]" name="tearDown" is-config="true" duration-ms="747" started-at="2019-09-26T12:05:27 IST" finished-at="2019-09-26T12:05:27 IST">
          <reporter-output>
          </reporter-output>
        </test-method> <!-- tearDown -->
      </class> <!-- com.qa.test.DataProviderTest -->
    </test> <!-- Default test -->
  </suite> <!-- Default suite -->
</testng-results>
